Determining if the pthread_create exist failed with the following output:
Change Dir: /home/vibhav/Desktop/dobots/git_related/vibhav_internship/multibot_ws/build/CMakeFiles/CMakeTmp

Run Build Command:"/usr/bin/make" "cmTC_0a747/fast"
/usr/bin/make -f CMakeFiles/cmTC_0a747.dir/build.make CMakeFiles/cmTC_0a747.dir/build
make[1]: Entering directory '/home/vibhav/Desktop/dobots/git_related/vibhav_internship/multibot_ws/build/CMakeFiles/CMakeTmp'
Building C object CMakeFiles/cmTC_0a747.dir/CheckSymbolExists.c.o
/usr/bin/cc    -o CMakeFiles/cmTC_0a747.dir/CheckSymbolExists.c.o   -c /home/vibhav/Desktop/dobots/git_related/vibhav_internship/multibot_ws/build/CMakeFiles/CMakeTmp/CheckSymbolExists.c
Linking C executable cmTC_0a747
/usr/bin/cmake -E cmake_link_script CMakeFiles/cmTC_0a747.dir/link.txt --verbose=1
/usr/bin/cc      -rdynamic CMakeFiles/cmTC_0a747.dir/CheckSymbolExists.c.o  -o cmTC_0a747 
CMakeFiles/cmTC_0a747.dir/CheckSymbolExists.c.o: In function `main':
CheckSymbolExists.c:(.text+0x1b): undefined reference to `pthread_create'
collect2: error: ld returned 1 exit status
CMakeFiles/cmTC_0a747.dir/build.make:97: recipe for target 'cmTC_0a747' failed
make[1]: *** [cmTC_0a747] Error 1
make[1]: Leaving directory '/home/vibhav/Desktop/dobots/git_related/vibhav_internship/multibot_ws/build/CMakeFiles/CMakeTmp'
Makefile:126: recipe for target 'cmTC_0a747/fast' failed
make: *** [cmTC_0a747/fast] Error 2

File /home/vibhav/Desktop/dobots/git_related/vibhav_internship/multibot_ws/build/CMakeFiles/CMakeTmp/CheckSymbolExists.c:
/* */
#include <pthread.h>

int main(int argc, char** argv)
{
  (void)argv;
#ifndef pthread_create
  return ((int*)(&pthread_create))[argc];
#else
  (void)argc;
  return 0;
#endif
}

Determining if the function pthread_create exists in the pthreads failed with the following output:
Change Dir: /home/vibhav/Desktop/dobots/git_related/vibhav_internship/multibot_ws/build/CMakeFiles/CMakeTmp

Run Build Command:"/usr/bin/make" "cmTC_d718e/fast"
/usr/bin/make -f CMakeFiles/cmTC_d718e.dir/build.make CMakeFiles/cmTC_d718e.dir/build
make[1]: Entering directory '/home/vibhav/Desktop/dobots/git_related/vibhav_internship/multibot_ws/build/CMakeFiles/CMakeTmp'
Building C object CMakeFiles/cmTC_d718e.dir/CheckFunctionExists.c.o
/usr/bin/cc   -DCHECK_FUNCTION_EXISTS=pthread_create   -o CMakeFiles/cmTC_d718e.dir/CheckFunctionExists.c.o   -c /usr/share/cmake-3.10/Modules/CheckFunctionExists.c
Linking C executable cmTC_d718e
/usr/bin/cmake -E cmake_link_script CMakeFiles/cmTC_d718e.dir/link.txt --verbose=1
/usr/bin/cc  -DCHECK_FUNCTION_EXISTS=pthread_create    -rdynamic CMakeFiles/cmTC_d718e.dir/CheckFunctionExists.c.o  -o cmTC_d718e -lpthreads 
/usr/bin/ld: cannot find -lpthreads
collect2: error: ld returned 1 exit status
CMakeFiles/cmTC_d718e.dir/build.make:97: recipe for target 'cmTC_d718e' failed
make[1]: *** [cmTC_d718e] Error 1
make[1]: Leaving directory '/home/vibhav/Desktop/dobots/git_related/vibhav_internship/multibot_ws/build/CMakeFiles/CMakeTmp'
Makefile:126: recipe for target 'cmTC_d718e/fast' failed
make: *** [cmTC_d718e/fast] Error 2


